<?xml version="1.0" encoding="UTF-8"?>
<!-- Generated by org.testng.reporters.JUnitReportReporter -->
<testsuite hostname="ankit" failures="0" tests="1" name="Base.POST_Call" time="0.952" errors="0" timestamp="2020-03-06T20:03:17 IST" skipped="0">
  <testcase classname="Base.POST_Call" name="Create_New_Record" time="0.952"/>
</testsuite> <!-- Base.POST_Call -->
