<?xml version="1.0" encoding="UTF-8"?>
<!-- Generated by org.testng.reporters.JUnitReportReporter -->
<testsuite hostname="ankit" failures="0" tests="2" name="Base.Get_StatusCode_and_JSON_Response" time="4.046" errors="0" timestamp="2020-03-16T11:19:14 IST" skipped="0">
  <testcase classname="Base.Get_StatusCode_and_JSON_Response" name="Get_Response_Code" time="3.716"/>
  <testcase classname="Base.Get_StatusCode_and_JSON_Response" name="Get_Response_Body" time="0.330"/>
</testsuite> <!-- Base.Get_StatusCode_and_JSON_Response -->
