<?xml version="1.0" encoding="UTF-8"?>
<!-- Generated by org.testng.reporters.JUnitReportReporter -->
<testsuite hostname="ankit" failures="0" tests="2" name="Base.GET_Request" time="1.082" errors="0" timestamp="2020-03-01T18:44:51 IST" skipped="0">
  <testcase classname="Base.GET_Request" name="Get_Response_Code" time="0.943"/>
  <testcase classname="Base.GET_Request" name="Get_Response_Body" time="0.139"/>
</testsuite> <!-- Base.GET_Request -->
