<?xml version="1.0" encoding="UTF-8"?>
<!-- Generated by org.testng.reporters.JUnitReportReporter -->
<testsuite hostname="ankit" failures="0" tests="1" name="Base.PUT_Call" time="1.001" errors="0" timestamp="2020-03-16T13:07:32 IST" skipped="0">
  <testcase classname="Base.PUT_Call" name="Update_A_Record" time="1.001"/>
</testsuite> <!-- Base.PUT_Call -->
